  [1m[35m (2.3ms)[0m  [1m[35mCREATE DATABASE "task_manager_development" ENCODING = 'unicode'[0m
  [1m[35m (0.3ms)[0m  [1m[35mCREATE DATABASE "task_manager_test" ENCODING = 'unicode'[0m
  [1m[35m (0.4ms)[0m  [1m[34mSELECT pg_try_advisory_lock(5796706365260502195)[0m
  [1m[36mActiveRecord::SchemaMigration Load (2.9ms)[0m  [1m[34mSELECT "schema_migrations"."version" FROM "schema_migrations" ORDER BY "schema_migrations"."version" ASC[0m
  [1m[36mActiveRecord::InternalMetadata Load (3.5ms)[0m  [1m[34mSELECT * FROM "ar_internal_metadata" WHERE "ar_internal_metadata"."key" = $1 ORDER BY "ar_internal_metadata"."key" ASC LIMIT 1[0m  [[nil, "environment"]]
Migrating to CreateTasks (20241017150929)
  [1m[36mTRANSACTION (0.1ms)[0m  [1m[35mBEGIN[0m
  [1m[35m (16.8ms)[0m  [1m[35mCREATE TABLE "tasks" ("id" bigserial primary key, "title" character varying, "description" character varying, "created_at" timestamp(6) NOT NULL, "updated_at" timestamp(6) NOT NULL)[0m
  [1m[36mTRANSACTION (0.1ms)[0m  [1m[31mROLLBACK[0m
  [1m[35m (0.2ms)[0m  [1m[34mSELECT pg_advisory_unlock(5796706365260502195)[0m
  [1m[35m (0.1ms)[0m  [1m[34mSELECT pg_try_advisory_lock(5796706365260502195)[0m
  [1m[36mActiveRecord::SchemaMigration Load (0.8ms)[0m  [1m[34mSELECT "schema_migrations"."version" FROM "schema_migrations" ORDER BY "schema_migrations"."version" ASC[0m
  [1m[36mActiveRecord::InternalMetadata Load (1.0ms)[0m  [1m[34mSELECT * FROM "ar_internal_metadata" WHERE "ar_internal_metadata"."key" = $1 ORDER BY "ar_internal_metadata"."key" ASC LIMIT 1[0m  [[nil, "environment"]]
Migrating to CreateTasks (20241017150929)
  [1m[36mTRANSACTION (0.1ms)[0m  [1m[35mBEGIN[0m
  [1m[35m (13.7ms)[0m  [1m[35mCREATE TABLE "tasks" ("id" bigserial primary key, "title" character varying, "description" character varying, "created_at" timestamp(6) NOT NULL, "updated_at" timestamp(6) NOT NULL)[0m
  [1m[36mActiveRecord::SchemaMigration Create (0.7ms)[0m  [1m[32mINSERT INTO "schema_migrations" ("version") VALUES ('20241017150929') RETURNING "version"[0m
  [1m[36mTRANSACTION (0.5ms)[0m  [1m[35mCOMMIT[0m
  [1m[35m (0.2ms)[0m  [1m[34mSELECT pg_advisory_unlock(5796706365260502195)[0m
  [1m[36mActiveRecord::SchemaMigration Load (0.1ms)[0m  [1m[34mSELECT "schema_migrations"."version" FROM "schema_migrations" ORDER BY "schema_migrations"."version" ASC[0m
Started GET "/" for ::1 at 2024-10-17 09:12:59 -0600
  [1m[36mActiveRecord::SchemaMigration Load (1.5ms)[0m  [1m[34mSELECT "schema_migrations"."version" FROM "schema_migrations" ORDER BY "schema_migrations"."version" ASC[0m
Processing by Rails::WelcomeController#index as HTML
  Rendering /Users/kaelinsalazar/.rbenv/versions/3.2.2/lib/ruby/gems/3.2.0/gems/railties-7.1.4.1/lib/rails/templates/rails/welcome/index.html.erb
  Rendered /Users/kaelinsalazar/.rbenv/versions/3.2.2/lib/ruby/gems/3.2.0/gems/railties-7.1.4.1/lib/rails/templates/rails/welcome/index.html.erb (Duration: 0.4ms | Allocations: 388)
Completed 200 OK in 49ms (Views: 8.0ms | ActiveRecord: 0.0ms | Allocations: 7877)


Started GET "/airlines/3" for ::1 at 2024-10-17 09:13:11 -0600
  
ActionController::RoutingError (No route matches [GET] "/airlines/3"):
  
Started GET "/favicon.ico" for ::1 at 2024-10-17 09:13:12 -0600
  
ActionController::RoutingError (No route matches [GET] "/favicon.ico"):
  
Started GET "/airlines/3" for ::1 at 2024-10-17 09:18:46 -0600
  
ActionController::RoutingError (No route matches [GET] "/airlines/3"):
  
Started GET "/" for ::1 at 2024-10-17 09:18:56 -0600
Processing by Rails::WelcomeController#index as HTML
  Rendering /Users/kaelinsalazar/.rbenv/versions/3.2.2/lib/ruby/gems/3.2.0/gems/railties-7.1.4.1/lib/rails/templates/rails/welcome/index.html.erb
  Rendered /Users/kaelinsalazar/.rbenv/versions/3.2.2/lib/ruby/gems/3.2.0/gems/railties-7.1.4.1/lib/rails/templates/rails/welcome/index.html.erb (Duration: 1.7ms | Allocations: 270)
Completed 200 OK in 8ms (Views: 4.3ms | ActiveRecord: 0.0ms | Allocations: 816)


Started GET "/" for ::1 at 2024-10-17 09:19:08 -0600
Processing by Rails::WelcomeController#index as HTML
  Rendering /Users/kaelinsalazar/.rbenv/versions/3.2.2/lib/ruby/gems/3.2.0/gems/railties-7.1.4.1/lib/rails/templates/rails/welcome/index.html.erb
  Rendered /Users/kaelinsalazar/.rbenv/versions/3.2.2/lib/ruby/gems/3.2.0/gems/railties-7.1.4.1/lib/rails/templates/rails/welcome/index.html.erb (Duration: 2.5ms | Allocations: 15)
Completed 200 OK in 16ms (Views: 12.2ms | ActiveRecord: 0.0ms | Allocations: 179)


Started GET "/" for ::1 at 2024-10-17 09:19:31 -0600
Processing by Rails::WelcomeController#index as HTML
  Rendering /Users/kaelinsalazar/.rbenv/versions/3.2.2/lib/ruby/gems/3.2.0/gems/railties-7.1.4.1/lib/rails/templates/rails/welcome/index.html.erb
  Rendered /Users/kaelinsalazar/.rbenv/versions/3.2.2/lib/ruby/gems/3.2.0/gems/railties-7.1.4.1/lib/rails/templates/rails/welcome/index.html.erb (Duration: 2.7ms | Allocations: 15)
Completed 200 OK in 35ms (Views: 29.9ms | ActiveRecord: 0.0ms | Allocations: 178)


Started GET "/" for ::1 at 2024-10-17 09:19:41 -0600
Processing by Rails::WelcomeController#index as HTML
  Rendering /Users/kaelinsalazar/.rbenv/versions/3.2.2/lib/ruby/gems/3.2.0/gems/railties-7.1.4.1/lib/rails/templates/rails/welcome/index.html.erb
  Rendered /Users/kaelinsalazar/.rbenv/versions/3.2.2/lib/ruby/gems/3.2.0/gems/railties-7.1.4.1/lib/rails/templates/rails/welcome/index.html.erb (Duration: 0.3ms | Allocations: 15)
Completed 200 OK in 4ms (Views: 2.3ms | ActiveRecord: 0.0ms | Allocations: 178)


Started GET "/" for 127.0.0.1 at 2024-10-17 09:20:23 -0600
  [1m[36mActiveRecord::SchemaMigration Load (1.4ms)[0m  [1m[34mSELECT "schema_migrations"."version" FROM "schema_migrations" ORDER BY "schema_migrations"."version" ASC[0m
Processing by Rails::WelcomeController#index as HTML
  Rendering /Users/kaelinsalazar/.rbenv/versions/3.2.2/lib/ruby/gems/3.2.0/gems/railties-7.1.4.1/lib/rails/templates/rails/welcome/index.html.erb
  Rendered /Users/kaelinsalazar/.rbenv/versions/3.2.2/lib/ruby/gems/3.2.0/gems/railties-7.1.4.1/lib/rails/templates/rails/welcome/index.html.erb (Duration: 0.4ms | Allocations: 388)
Completed 200 OK in 5ms (Views: 1.3ms | ActiveRecord: 0.0ms | Allocations: 4254)


Started GET "/" for ::1 at 2024-10-17 09:20:43 -0600
Processing by Rails::WelcomeController#index as HTML
  Rendering /Users/kaelinsalazar/.rbenv/versions/3.2.2/lib/ruby/gems/3.2.0/gems/railties-7.1.4.1/lib/rails/templates/rails/welcome/index.html.erb
  Rendered /Users/kaelinsalazar/.rbenv/versions/3.2.2/lib/ruby/gems/3.2.0/gems/railties-7.1.4.1/lib/rails/templates/rails/welcome/index.html.erb (Duration: 0.2ms | Allocations: 15)
Completed 200 OK in 2ms (Views: 1.1ms | ActiveRecord: 0.0ms | Allocations: 180)


Started GET "/api/v1/tasks" for ::1 at 2024-10-17 09:21:31 -0600
  
ActionController::RoutingError (uninitialized constant Api):
  
Started GET "/api/v1/tasks" for ::1 at 2024-10-17 09:22:59 -0600
  [1m[36mActiveRecord::SchemaMigration Load (1.0ms)[0m  [1m[34mSELECT "schema_migrations"."version" FROM "schema_migrations" ORDER BY "schema_migrations"."version" ASC[0m
Processing by Api::V1::TasksController#index as HTML
Completed 200 OK in 3ms (Views: 0.1ms | ActiveRecord: 0.0ms | Allocations: 2481)


Started GET "/api/v1/tasks" for ::1 at 2024-10-17 09:23:56 -0600
Processing by Api::V1::TasksController#index as HTML
Completed 500 Internal Server Error in 0ms (ActiveRecord: 0.0ms | Allocations: 391)


  
NameError (uninitialized constant Api::V1::TasksController::Task):
  
app/controllers/api/v1/tasks_controller.rb:3:in `index'
Started GET "/api/v1/tasks" for ::1 at 2024-10-17 09:25:50 -0600
  [1m[36mActiveRecord::SchemaMigration Load (0.8ms)[0m  [1m[34mSELECT "schema_migrations"."version" FROM "schema_migrations" ORDER BY "schema_migrations"."version" ASC[0m
Processing by Api::V1::TasksController#index as HTML
Completed 500 Internal Server Error in 3ms (ActiveRecord: 0.0ms | Allocations: 2668)


  
NameError (uninitialized constant Api::V1::TasksController::Task):
  
app/controllers/api/v1/tasks_controller.rb:3:in `index'
Started GET "/api/v1/tasks" for ::1 at 2024-10-17 09:26:47 -0600
  
SyntaxError (/Users/kaelinsalazar/turing_projects/2-mod/task_manager/app/controllers/api/v1/tasks_controller.rb:11: syntax error, unexpected end-of-input, expecting `end' or dummy end):
  
app/controllers/api/v1/tasks_controller.rb:11: syntax error, unexpected end-of-input, expecting `end' or dummy end
Started GET "/api/v1/tasks" for ::1 at 2024-10-17 09:27:00 -0600
Processing by Api::V1::TasksController#index as HTML
Completed 200 OK in 1ms (Views: 0.3ms | ActiveRecord: 0.0ms | Allocations: 246)


Started GET "/api/v1/tasks" for ::1 at 2024-10-17 09:27:08 -0600
Processing by Api::V1::TasksController#index as HTML
Completed 200 OK in 0ms (Views: 0.1ms | ActiveRecord: 0.0ms | Allocations: 131)


Started GET "/api/v1/tasks" for ::1 at 2024-10-17 09:27:44 -0600
Processing by Api::V1::TasksController#index as HTML
  [1m[36mTask Load (0.8ms)[0m  [1m[34mSELECT "tasks".* FROM "tasks"[0m
  ↳ app/controllers/api/v1/tasks_controller.rb:3:in `index'
Completed 200 OK in 37ms (Views: 11.2ms | ActiveRecord: 8.9ms | Allocations: 12604)


Started GET "/api/v1/tasks/2" for ::1 at 2024-10-17 09:28:10 -0600
  
ActionController::RoutingError (No route matches [GET] "/api/v1/tasks/2"):
  
Started GET "/api/v1/tasks/2" for ::1 at 2024-10-17 09:28:48 -0600
Processing by Api::V1::TasksController#show as HTML
  Parameters: {"id"=>"2"}
  [1m[36mTask Load (0.3ms)[0m  [1m[34mSELECT "tasks".* FROM "tasks" WHERE "tasks"."id" = $1 LIMIT $2[0m  [["id", 2], ["LIMIT", 1]]
  ↳ app/controllers/api/v1/tasks_controller.rb:7:in `show'
Completed 404 Not Found in 18ms (ActiveRecord: 12.5ms | Allocations: 4269)


  
ActiveRecord::RecordNotFound (Couldn't find Task with 'id'=2):
  
app/controllers/api/v1/tasks_controller.rb:7:in `show'
Started GET "/api/v1/tasks/1" for ::1 at 2024-10-17 09:29:08 -0600
Processing by Api::V1::TasksController#show as HTML
  Parameters: {"id"=>"1"}
  [1m[36mTask Load (0.6ms)[0m  [1m[34mSELECT "tasks".* FROM "tasks" WHERE "tasks"."id" = $1 LIMIT $2[0m  [["id", 1], ["LIMIT", 1]]
  ↳ app/controllers/api/v1/tasks_controller.rb:7:in `show'
Completed 404 Not Found in 25ms (ActiveRecord: 0.6ms | Allocations: 787)


  
ActiveRecord::RecordNotFound (Couldn't find Task with 'id'=1):
  
app/controllers/api/v1/tasks_controller.rb:7:in `show'
Started GET "/api/v1/tasks/1" for ::1 at 2024-10-17 09:29:45 -0600
  [1m[36mActiveRecord::SchemaMigration Load (1.3ms)[0m  [1m[34mSELECT "schema_migrations"."version" FROM "schema_migrations" ORDER BY "schema_migrations"."version" ASC[0m
Processing by Api::V1::TasksController#show as HTML
  Parameters: {"id"=>"1"}
  [1m[36mTask Load (0.5ms)[0m  [1m[34mSELECT "tasks".* FROM "tasks" WHERE "tasks"."id" = $1 LIMIT $2[0m  [["id", 1], ["LIMIT", 1]]
  ↳ app/controllers/api/v1/tasks_controller.rb:7:in `show'
Completed 404 Not Found in 35ms (ActiveRecord: 19.0ms | Allocations: 14246)


  
ActiveRecord::RecordNotFound (Couldn't find Task with 'id'=1):
  
app/controllers/api/v1/tasks_controller.rb:7:in `show'
Started GET "/api/v1/tasks/:id" for ::1 at 2024-10-17 09:30:10 -0600
Processing by Api::V1::TasksController#show as HTML
  Parameters: {"id"=>":id"}
  [1m[36mTask Load (0.4ms)[0m  [1m[34mSELECT "tasks".* FROM "tasks" WHERE "tasks"."id" = $1 LIMIT $2[0m  [["id", nil], ["LIMIT", 1]]
  ↳ app/controllers/api/v1/tasks_controller.rb:7:in `show'
Completed 404 Not Found in 4ms (ActiveRecord: 0.4ms | Allocations: 801)


  
ActiveRecord::RecordNotFound (Couldn't find Task with 'id'=:id):
  
app/controllers/api/v1/tasks_controller.rb:7:in `show'
Started GET "/api/v1/tasks/2" for ::1 at 2024-10-21 17:40:59 -0600
  [1m[36mActiveRecord::SchemaMigration Load (4.1ms)[0m  [1m[34mSELECT "schema_migrations"."version" FROM "schema_migrations" ORDER BY "schema_migrations"."version" ASC[0m
Processing by Api::V1::TasksController#show as HTML
  Parameters: {"id"=>"2"}
  [1m[36mTask Load (5.2ms)[0m  [1m[34mSELECT "tasks".* FROM "tasks" WHERE "tasks"."id" = $1 LIMIT $2[0m  [["id", 2], ["LIMIT", 1]]
  ↳ app/controllers/api/v1/tasks_controller.rb:7:in `show'
Completed 404 Not Found in 83ms (ActiveRecord: 32.9ms | Allocations: 14245)


  
ActiveRecord::RecordNotFound (Couldn't find Task with 'id'=2):
  
app/controllers/api/v1/tasks_controller.rb:7:in `show'
Started GET "/favicon.ico" for ::1 at 2024-10-21 17:41:00 -0600
  
ActionController::RoutingError (No route matches [GET] "/favicon.ico"):
  
Started GET "/" for ::1 at 2024-10-21 17:41:10 -0600
Processing by Rails::WelcomeController#index as HTML
  Rendering /Users/kaelinsalazar/.rbenv/versions/3.2.2/lib/ruby/gems/3.2.0/gems/railties-7.1.4.1/lib/rails/templates/rails/welcome/index.html.erb
  Rendered /Users/kaelinsalazar/.rbenv/versions/3.2.2/lib/ruby/gems/3.2.0/gems/railties-7.1.4.1/lib/rails/templates/rails/welcome/index.html.erb (Duration: 1.0ms | Allocations: 281)
Completed 200 OK in 8ms (Views: 2.9ms | ActiveRecord: 0.0ms | Allocations: 1868)


Started GET "/api/v1/tasks" for ::1 at 2024-10-21 17:41:36 -0600
Processing by Api::V1::TasksController#index as HTML
  [1m[36mTask Load (37.6ms)[0m  [1m[34mSELECT "tasks".* FROM "tasks"[0m
  ↳ app/controllers/api/v1/tasks_controller.rb:3:in `index'
Completed 200 OK in 48ms (Views: 8.7ms | ActiveRecord: 37.6ms | Allocations: 735)


Started GET "/api/v1/tasks" for ::1 at 2024-10-21 17:46:07 -0600
  [1m[36mActiveRecord::SchemaMigration Load (1.9ms)[0m  [1m[34mSELECT "schema_migrations"."version" FROM "schema_migrations" ORDER BY "schema_migrations"."version" ASC[0m
Processing by Api::V1::TasksController#index as HTML
  [1m[36mTask Load (0.4ms)[0m  [1m[34mSELECT "tasks".* FROM "tasks"[0m
  ↳ app/controllers/api/v1/tasks_controller.rb:3:in `index'
Completed 200 OK in 50ms (Views: 33.6ms | ActiveRecord: 5.0ms | Allocations: 11736)


Started GET "/api/v1/tasks" for ::1 at 2024-10-21 17:46:09 -0600
Processing by Api::V1::TasksController#index as HTML
  [1m[36mTask Load (0.7ms)[0m  [1m[34mSELECT "tasks".* FROM "tasks"[0m
  ↳ app/controllers/api/v1/tasks_controller.rb:3:in `index'
Completed 200 OK in 2ms (Views: 1.1ms | ActiveRecord: 0.7ms | Allocations: 609)


Started GET "/api/v1/tasks" for ::1 at 2024-10-21 17:48:30 -0600
  [1m[36mActiveRecord::SchemaMigration Load (1.8ms)[0m  [1m[34mSELECT "schema_migrations"."version" FROM "schema_migrations" ORDER BY "schema_migrations"."version" ASC[0m
Processing by Api::V1::TasksController#index as HTML
  [1m[36mTask Load (0.7ms)[0m  [1m[34mSELECT "tasks".* FROM "tasks"[0m
  ↳ app/controllers/api/v1/tasks_controller.rb:3:in `index'
Completed 200 OK in 30ms (Views: 4.5ms | ActiveRecord: 17.0ms | Allocations: 11736)


Started GET "/api/v1/tasks" for ::1 at 2024-10-21 17:51:04 -0600
Processing by Api::V1::TasksController#index as */*
  [1m[36mTask Load (135.0ms)[0m  [1m[34mSELECT "tasks".* FROM "tasks"[0m
  ↳ app/controllers/api/v1/tasks_controller.rb:3:in `index'
Completed 200 OK in 140ms (Views: 4.7ms | ActiveRecord: 135.0ms | Allocations: 603)


Started GET "/api/v1/tasks" for ::1 at 2024-10-21 17:52:05 -0600
Processing by Api::V1::TasksController#index as HTML
Completed 500 Internal Server Error in 1ms (ActiveRecord: 0.0ms | Allocations: 867)


  
NoMethodError (undefined method `All' for Task:Class):
  
app/controllers/api/v1/tasks_controller.rb:3:in `index'
